<?xml version="1.0" encoding="UTF-8"?>
<testng-results ignored="0" total="1" passed="1" failed="0" skipped="0">
  <reporter-output>
    <line>
      <![CDATA[Cannot create an account Invalid Data]]>
    </line>
  </reporter-output>
  <suite started-at="2024-09-08T15:13:06 IST" name="Default suite" finished-at="2024-09-08T15:13:17 IST" duration-ms="10726">
    <groups>
    </groups>
    <test started-at="2024-09-08T15:13:06 IST" name="Default test" finished-at="2024-09-08T15:13:17 IST" duration-ms="10726">
      <class name="UserAccount.NewAccount.baseClass">
        <test-method is-config="true" signature="launchBrowser()[pri:0, instance:UserAccount.NewAccount.baseClass@3724af13]" started-at="2024-09-08T15:13:06 IST" name="launchBrowser" finished-at="2024-09-08T15:13:09 IST" duration-ms="2525" status="PASS">
          <reporter-output>
          </reporter-output>
        </test-method> <!-- launchBrowser -->
        <test-method signature="testcase1()[pri:0, instance:UserAccount.NewAccount.baseClass@3724af13]" started-at="2024-09-08T15:13:09 IST" name="testcase1" finished-at="2024-09-08T15:13:13 IST" duration-ms="4750" status="PASS">
          <reporter-output>
            <line>
              <![CDATA[Cannot create an account Invalid Data]]>
            </line>
          </reporter-output>
        </test-method> <!-- testcase1 -->
        <test-method is-config="true" signature="closeBrowser()[pri:0, instance:UserAccount.NewAccount.baseClass@3724af13]" started-at="2024-09-08T15:13:13 IST" name="closeBrowser" finished-at="2024-09-08T15:13:17 IST" duration-ms="3405" status="PASS">
          <reporter-output>
          </reporter-output>
        </test-method> <!-- closeBrowser -->
      </class> <!-- UserAccount.NewAccount.baseClass -->
    </test> <!-- Default test -->
  </suite> <!-- Default suite -->
</testng-results>
